  application.cpp
  main.cpp
  material.cpp
  scenenode.cpp
  utils.cpp
C:\Users\Juan S. Marquerie\Documents\Advanced-Computer-Graphics-2021\Practice 1 - Copy\ACG-Framework-master\src\framework.h(177,109): warning C4244: 'argument': conversion from 'float' to 'unsigned char', possible loss of data (compiling source file ..\..\src\material.cpp)
C:\Users\Juan S. Marquerie\Documents\Advanced-Computer-Graphics-2021\Practice 1 - Copy\ACG-Framework-master\src\framework.h(177,100): warning C4244: 'argument': conversion from 'float' to 'unsigned char', possible loss of data (compiling source file ..\..\src\material.cpp)
C:\Users\Juan S. Marquerie\Documents\Advanced-Computer-Graphics-2021\Practice 1 - Copy\ACG-Framework-master\src\framework.h(177,91): warning C4244: 'argument': conversion from 'float' to 'unsigned char', possible loss of data (compiling source file ..\..\src\material.cpp)
C:\Users\Juan S. Marquerie\Documents\Advanced-Computer-Graphics-2021\Practice 1 - Copy\ACG-Framework-master\src\framework.h(177,82): warning C4244: 'argument': conversion from 'float' to 'unsigned char', possible loss of data (compiling source file ..\..\src\material.cpp)
C:\Users\Juan S. Marquerie\Documents\Advanced-Computer-Graphics-2021\Practice 1 - Copy\ACG-Framework-master\src\framework.h(177,109): warning C4244: 'argument': conversion from 'float' to 'unsigned char', possible loss of data (compiling source file ..\..\src\scenenode.cpp)
C:\Users\Juan S. Marquerie\Documents\Advanced-Computer-Graphics-2021\Practice 1 - Copy\ACG-Framework-master\src\framework.h(177,100): warning C4244: 'argument': conversion from 'float' to 'unsigned char', possible loss of data (compiling source file ..\..\src\scenenode.cpp)
C:\Users\Juan S. Marquerie\Documents\Advanced-Computer-Graphics-2021\Practice 1 - Copy\ACG-Framework-master\src\framework.h(177,91): warning C4244: 'argument': conversion from 'float' to 'unsigned char', possible loss of data (compiling source file ..\..\src\scenenode.cpp)
C:\Users\Juan S. Marquerie\Documents\Advanced-Computer-Graphics-2021\Practice 1 - Copy\ACG-Framework-master\src\framework.h(177,82): warning C4244: 'argument': conversion from 'float' to 'unsigned char', possible loss of data (compiling source file ..\..\src\scenenode.cpp)
C:\Users\Juan S. Marquerie\Documents\Advanced-Computer-Graphics-2021\Practice 1 - Copy\ACG-Framework-master\src\framework.h(177,109): warning C4244: 'argument': conversion from 'float' to 'unsigned char', possible loss of data (compiling source file ..\..\src\application.cpp)
C:\Users\Juan S. Marquerie\Documents\Advanced-Computer-Graphics-2021\Practice 1 - Copy\ACG-Framework-master\src\framework.h(177,100): warning C4244: 'argument': conversion from 'float' to 'unsigned char', possible loss of data (compiling source file ..\..\src\application.cpp)
C:\Users\Juan S. Marquerie\Documents\Advanced-Computer-Graphics-2021\Practice 1 - Copy\ACG-Framework-master\src\framework.h(177,91): warning C4244: 'argument': conversion from 'float' to 'unsigned char', possible loss of data (compiling source file ..\..\src\application.cpp)
C:\Users\Juan S. Marquerie\Documents\Advanced-Computer-Graphics-2021\Practice 1 - Copy\ACG-Framework-master\src\framework.h(177,82): warning C4244: 'argument': conversion from 'float' to 'unsigned char', possible loss of data (compiling source file ..\..\src\application.cpp)
C:\Users\Juan S. Marquerie\Documents\Advanced-Computer-Graphics-2021\Practice 1 - Copy\ACG-Framework-master\src\framework.h(177,109): warning C4244: 'argument': conversion from 'float' to 'unsigned char', possible loss of data (compiling source file ..\..\src\utils.cpp)
C:\Users\Juan S. Marquerie\Documents\Advanced-Computer-Graphics-2021\Practice 1 - Copy\ACG-Framework-master\src\framework.h(177,100): warning C4244: 'argument': conversion from 'float' to 'unsigned char', possible loss of data (compiling source file ..\..\src\utils.cpp)
C:\Users\Juan S. Marquerie\Documents\Advanced-Computer-Graphics-2021\Practice 1 - Copy\ACG-Framework-master\src\framework.h(177,91): warning C4244: 'argument': conversion from 'float' to 'unsigned char', possible loss of data (compiling source file ..\..\src\utils.cpp)
C:\Users\Juan S. Marquerie\Documents\Advanced-Computer-Graphics-2021\Practice 1 - Copy\ACG-Framework-master\src\framework.h(177,82): warning C4244: 'argument': conversion from 'float' to 'unsigned char', possible loss of data (compiling source file ..\..\src\utils.cpp)
C:\Users\Juan S. Marquerie\Documents\Advanced-Computer-Graphics-2021\Practice 1 - Copy\ACG-Framework-master\src\framework.h(177,109): warning C4244: 'argument': conversion from 'float' to 'unsigned char', possible loss of data (compiling source file ..\..\src\main.cpp)
C:\Users\Juan S. Marquerie\Documents\Advanced-Computer-Graphics-2021\Practice 1 - Copy\ACG-Framework-master\src\framework.h(177,100): warning C4244: 'argument': conversion from 'float' to 'unsigned char', possible loss of data (compiling source file ..\..\src\main.cpp)
C:\Users\Juan S. Marquerie\Documents\Advanced-Computer-Graphics-2021\Practice 1 - Copy\ACG-Framework-master\src\framework.h(177,91): warning C4244: 'argument': conversion from 'float' to 'unsigned char', possible loss of data (compiling source file ..\..\src\main.cpp)
C:\Users\Juan S. Marquerie\Documents\Advanced-Computer-Graphics-2021\Practice 1 - Copy\ACG-Framework-master\src\framework.h(177,82): warning C4244: 'argument': conversion from 'float' to 'unsigned char', possible loss of data (compiling source file ..\..\src\main.cpp)
C:\Users\Juan S. Marquerie\Documents\Advanced-Computer-Graphics-2021\Practice 1 - Copy\ACG-Framework-master\src\application.cpp(59,63): warning C4305: 'argument': truncation from 'double' to 'float'
C:\Users\Juan S. Marquerie\Documents\Advanced-Computer-Graphics-2021\Practice 1 - Copy\ACG-Framework-master\src\application.cpp(104,28): warning C4305: 'argument': truncation from 'double' to 'GLclampf'
C:\Users\Juan S. Marquerie\Documents\Advanced-Computer-Graphics-2021\Practice 1 - Copy\ACG-Framework-master\src\application.cpp(130,14): warning C4244: 'initializing': conversion from 'double' to 'float', possible loss of data
C:\Users\Juan S. Marquerie\Documents\Advanced-Computer-Graphics-2021\Practice 1 - Copy\ACG-Framework-master\src\application.cpp(131,20): warning C4244: 'initializing': conversion from 'double' to 'float', possible loss of data
C:\Users\Juan S. Marquerie\Documents\Advanced-Computer-Graphics-2021\Practice 1 - Copy\ACG-Framework-master\src\application.cpp(134,14): warning C4244: 'initializing': conversion from 'double' to 'float', possible loss of data
C:\Users\Juan S. Marquerie\Documents\Advanced-Computer-Graphics-2021\Practice 1 - Copy\ACG-Framework-master\src\application.cpp(214,34): warning C4244: 'argument': conversion from 'double' to 'float', possible loss of data
C:\Users\Juan S. Marquerie\Documents\Advanced-Computer-Graphics-2021\Practice 1 - Copy\ACG-Framework-master\src\utils.cpp(334,56): warning C4244: 'argument': conversion from 'double' to 'float', possible loss of data
C:\Users\Juan S. Marquerie\Documents\Advanced-Computer-Graphics-2021\Practice 1 - Copy\ACG-Framework-master\src\utils.cpp(335,63): warning C4305: 'argument': truncation from 'double' to 'float'
C:\Users\Juan S. Marquerie\Documents\Advanced-Computer-Graphics-2021\Practice 1 - Copy\ACG-Framework-master\src\utils.cpp(360,10): warning C4244: '=': conversion from 'double' to 'float', possible loss of data
C:\Users\Juan S. Marquerie\Documents\Advanced-Computer-Graphics-2021\Practice 1 - Copy\ACG-Framework-master\src\utils.cpp(370,16): warning C4244: '=': conversion from 'double' to 'float', possible loss of data
C:\Users\Juan S. Marquerie\Documents\Advanced-Computer-Graphics-2021\Practice 1 - Copy\ACG-Framework-master\src\utils.cpp(392,11): warning C4244: 'initializing': conversion from 'double' to 'float', possible loss of data
C:\Users\Juan S. Marquerie\Documents\Advanced-Computer-Graphics-2021\Practice 1 - Copy\ACG-Framework-master\src\utils.cpp(394,17): warning C4244: 'argument': conversion from 'float' to 'const unsigned int', possible loss of data
C:\Users\Juan S. Marquerie\Documents\Advanced-Computer-Graphics-2021\Practice 1 - Copy\ACG-Framework-master\src\utils.cpp(407,12): warning C4244: 'initializing': conversion from 'double' to 'float', possible loss of data
C:\Users\Juan S. Marquerie\Documents\Advanced-Computer-Graphics-2021\Practice 1 - Copy\ACG-Framework-master\src\utils.cpp(416,14): warning C4018: '>=': signed/unsigned mismatch
C:\Users\Juan S. Marquerie\Documents\Advanced-Computer-Graphics-2021\Practice 1 - Copy\ACG-Framework-master\src\utils.cpp(456,20): warning C4018: '<': signed/unsigned mismatch
C:\Users\Juan S. Marquerie\Documents\Advanced-Computer-Graphics-2021\Practice 1 - Copy\ACG-Framework-master\src\utils.cpp(457,59): warning C4244: 'argument': conversion from '_Ty' to 'unsigned int', possible loss of data
          with
          [
              _Ty=float
          ]
C:\Users\Juan S. Marquerie\Documents\Advanced-Computer-Graphics-2021\Practice 1 - Copy\ACG-Framework-master\src\utils.cpp(457,44): warning C4244: 'argument': conversion from '_Ty' to 'unsigned int', possible loss of data
          with
          [
              _Ty=float
          ]
C:\Users\Juan S. Marquerie\Documents\Advanced-Computer-Graphics-2021\Practice 1 - Copy\ACG-Framework-master\src\utils.cpp(457,29): warning C4244: 'argument': conversion from '_Ty' to 'unsigned int', possible loss of data
          with
          [
              _Ty=float
          ]
C:\Users\Juan S. Marquerie\Documents\Advanced-Computer-Graphics-2021\Practice 1 - Copy\ACG-Framework-master\src\utils.cpp(467,20): warning C4018: '<': signed/unsigned mismatch
C:\Users\Juan S. Marquerie\Documents\Advanced-Computer-Graphics-2021\Practice 1 - Copy\ACG-Framework-master\src\utils.cpp(468,74): warning C4244: 'argument': conversion from '_Ty' to 'unsigned char', possible loss of data
          with
          [
              _Ty=float
          ]
C:\Users\Juan S. Marquerie\Documents\Advanced-Computer-Graphics-2021\Practice 1 - Copy\ACG-Framework-master\src\utils.cpp(468,59): warning C4244: 'argument': conversion from '_Ty' to 'unsigned char', possible loss of data
          with
          [
              _Ty=float
          ]
C:\Users\Juan S. Marquerie\Documents\Advanced-Computer-Graphics-2021\Practice 1 - Copy\ACG-Framework-master\src\utils.cpp(468,44): warning C4244: 'argument': conversion from '_Ty' to 'unsigned char', possible loss of data
          with
          [
              _Ty=float
          ]
C:\Users\Juan S. Marquerie\Documents\Advanced-Computer-Graphics-2021\Practice 1 - Copy\ACG-Framework-master\src\utils.cpp(468,29): warning C4244: 'argument': conversion from '_Ty' to 'unsigned char', possible loss of data
          with
          [
              _Ty=float
          ]
C:\Users\Juan S. Marquerie\Documents\Advanced-Computer-Graphics-2021\Practice 1 - Copy\ACG-Framework-master\src\material.cpp(24,54): warning C4244: 'argument': conversion from 'int' to 'float', possible loss of data
C:\Users\Juan S. Marquerie\Documents\Advanced-Computer-Graphics-2021\Practice 1 - Copy\ACG-Framework-master\src\main.cpp(109,76): warning C4244: 'argument': conversion from 'float' to 'ImGuiColorEditFlags', possible loss of data
C:\Users\Juan S. Marquerie\Documents\Advanced-Computer-Graphics-2021\Practice 1 - Copy\ACG-Framework-master\src\main.cpp(110,76): warning C4244: 'argument': conversion from 'float' to 'ImGuiColorEditFlags', possible loss of data
C:\Users\Juan S. Marquerie\Documents\Advanced-Computer-Graphics-2021\Practice 1 - Copy\ACG-Framework-master\src\main.cpp(111,78): warning C4244: 'argument': conversion from 'float' to 'ImGuiColorEditFlags', possible loss of data
C:\Users\Juan S. Marquerie\Documents\Advanced-Computer-Graphics-2021\Practice 1 - Copy\ACG-Framework-master\src\main.cpp(114,59): warning C4129: 'M': unrecognized character escape sequence
C:\Users\Juan S. Marquerie\Documents\Advanced-Computer-Graphics-2021\Practice 1 - Copy\ACG-Framework-master\src\main.cpp(179,46): warning C4244: '=': conversion from 'Sint32' to 'float', possible loss of data
C:\Users\Juan S. Marquerie\Documents\Advanced-Computer-Graphics-2021\Practice 1 - Copy\ACG-Framework-master\src\main.cpp(221,24): warning C4244: '=': conversion from 'double' to 'float', possible loss of data
animation.obj : warning LNK4075: ignoring '/EDITANDCONTINUE' due to '/INCREMENTAL:NO' specification
LINK : warning LNK4098: defaultlib 'LIBCMT' conflicts with use of other libs; use /NODEFAULTLIB:library
LINK : warning LNK4217: symbol '___glewActiveTexture' defined in 'glew32s.lib(glew.obj)' is imported by 'imgui_impl_opengl3.obj' in function '"void __cdecl ImGui_ImplOpenGL3_RenderDrawData(struct ImDrawData *)" (?ImGui_ImplOpenGL3_RenderDrawData@@YAXPAUImDrawData@@@Z)'
LINK : warning LNK4217: symbol '___glewBlendEquation' defined in 'glew32s.lib(glew.obj)' is imported by 'imgui_impl_opengl3.obj' in function '"void __cdecl ImGui_ImplOpenGL3_SetupRenderState(struct ImDrawData *,int,int,unsigned int)" (?ImGui_ImplOpenGL3_SetupRenderState@@YAXPAUImDrawData@@HHI@Z)'
LINK : warning LNK4217: symbol '___glewBlendFuncSeparate' defined in 'glew32s.lib(glew.obj)' is imported by 'imgui_impl_opengl3.obj' in function '"void __cdecl ImGui_ImplOpenGL3_RenderDrawData(struct ImDrawData *)" (?ImGui_ImplOpenGL3_RenderDrawData@@YAXPAUImDrawData@@@Z)'
LINK : warning LNK4217: symbol '___glewBindBuffer' defined in 'glew32s.lib(glew.obj)' is imported by 'imgui_impl_opengl3.obj' in function '"bool __cdecl ImGui_ImplOpenGL3_CreateDeviceObjects(void)" (?ImGui_ImplOpenGL3_CreateDeviceObjects@@YA_NXZ)'
LINK : warning LNK4217: symbol '___glewBufferData' defined in 'glew32s.lib(glew.obj)' is imported by 'imgui_impl_opengl3.obj' in function '"void __cdecl ImGui_ImplOpenGL3_RenderDrawData(struct ImDrawData *)" (?ImGui_ImplOpenGL3_RenderDrawData@@YAXPAUImDrawData@@@Z)'
LINK : warning LNK4217: symbol '___glewDeleteBuffers' defined in 'glew32s.lib(glew.obj)' is imported by 'imgui_impl_opengl3.obj' in function '"void __cdecl ImGui_ImplOpenGL3_DestroyDeviceObjects(void)" (?ImGui_ImplOpenGL3_DestroyDeviceObjects@@YAXXZ)'
LINK : warning LNK4217: symbol '___glewGenBuffers' defined in 'glew32s.lib(glew.obj)' is imported by 'imgui_impl_opengl3.obj' in function '"bool __cdecl ImGui_ImplOpenGL3_CreateDeviceObjects(void)" (?ImGui_ImplOpenGL3_CreateDeviceObjects@@YA_NXZ)'
LINK : warning LNK4217: symbol '___glewAttachShader' defined in 'glew32s.lib(glew.obj)' is imported by 'imgui_impl_opengl3.obj' in function '"bool __cdecl ImGui_ImplOpenGL3_CreateDeviceObjects(void)" (?ImGui_ImplOpenGL3_CreateDeviceObjects@@YA_NXZ)'
LINK : warning LNK4217: symbol '___glewBlendEquationSeparate' defined in 'glew32s.lib(glew.obj)' is imported by 'imgui_impl_opengl3.obj' in function '"void __cdecl ImGui_ImplOpenGL3_RenderDrawData(struct ImDrawData *)" (?ImGui_ImplOpenGL3_RenderDrawData@@YAXPAUImDrawData@@@Z)'
LINK : warning LNK4217: symbol '___glewCompileShader' defined in 'glew32s.lib(glew.obj)' is imported by 'imgui_impl_opengl3.obj' in function '"bool __cdecl ImGui_ImplOpenGL3_CreateDeviceObjects(void)" (?ImGui_ImplOpenGL3_CreateDeviceObjects@@YA_NXZ)'
LINK : warning LNK4217: symbol '___glewCreateProgram' defined in 'glew32s.lib(glew.obj)' is imported by 'imgui_impl_opengl3.obj' in function '"bool __cdecl ImGui_ImplOpenGL3_CreateDeviceObjects(void)" (?ImGui_ImplOpenGL3_CreateDeviceObjects@@YA_NXZ)'
LINK : warning LNK4217: symbol '___glewCreateShader' defined in 'glew32s.lib(glew.obj)' is imported by 'imgui_impl_opengl3.obj' in function '"bool __cdecl ImGui_ImplOpenGL3_CreateDeviceObjects(void)" (?ImGui_ImplOpenGL3_CreateDeviceObjects@@YA_NXZ)'
LINK : warning LNK4217: symbol '___glewDeleteProgram' defined in 'glew32s.lib(glew.obj)' is imported by 'imgui_impl_opengl3.obj' in function '"void __cdecl ImGui_ImplOpenGL3_DestroyDeviceObjects(void)" (?ImGui_ImplOpenGL3_DestroyDeviceObjects@@YAXXZ)'
LINK : warning LNK4217: symbol '___glewDeleteShader' defined in 'glew32s.lib(glew.obj)' is imported by 'imgui_impl_opengl3.obj' in function '"void __cdecl ImGui_ImplOpenGL3_DestroyDeviceObjects(void)" (?ImGui_ImplOpenGL3_DestroyDeviceObjects@@YAXXZ)'
LINK : warning LNK4217: symbol '___glewDetachShader' defined in 'glew32s.lib(glew.obj)' is imported by 'imgui_impl_opengl3.obj' in function '"void __cdecl ImGui_ImplOpenGL3_DestroyDeviceObjects(void)" (?ImGui_ImplOpenGL3_DestroyDeviceObjects@@YAXXZ)'
LINK : warning LNK4217: symbol '___glewEnableVertexAttribArray' defined in 'glew32s.lib(glew.obj)' is imported by 'imgui_impl_opengl3.obj' in function '"void __cdecl ImGui_ImplOpenGL3_SetupRenderState(struct ImDrawData *,int,int,unsigned int)" (?ImGui_ImplOpenGL3_SetupRenderState@@YAXPAUImDrawData@@HHI@Z)'
LINK : warning LNK4217: symbol '___glewGetAttribLocation' defined in 'glew32s.lib(glew.obj)' is imported by 'imgui_impl_opengl3.obj' in function '"bool __cdecl ImGui_ImplOpenGL3_CreateDeviceObjects(void)" (?ImGui_ImplOpenGL3_CreateDeviceObjects@@YA_NXZ)'
LINK : warning LNK4217: symbol '___glewGetProgramInfoLog' defined in 'glew32s.lib(glew.obj)' is imported by 'imgui_impl_opengl3.obj' in function '"bool __cdecl CheckProgram(unsigned int,char const *)" (?CheckProgram@@YA_NIPBD@Z)'
LINK : warning LNK4217: symbol '___glewGetProgramiv' defined in 'glew32s.lib(glew.obj)' is imported by 'imgui_impl_opengl3.obj' in function '"bool __cdecl CheckProgram(unsigned int,char const *)" (?CheckProgram@@YA_NIPBD@Z)'
LINK : warning LNK4217: symbol '___glewGetShaderInfoLog' defined in 'glew32s.lib(glew.obj)' is imported by 'imgui_impl_opengl3.obj' in function '"bool __cdecl CheckShader(unsigned int,char const *)" (?CheckShader@@YA_NIPBD@Z)'
LINK : warning LNK4217: symbol '___glewGetShaderiv' defined in 'glew32s.lib(glew.obj)' is imported by 'imgui_impl_opengl3.obj' in function '"bool __cdecl CheckShader(unsigned int,char const *)" (?CheckShader@@YA_NIPBD@Z)'
LINK : warning LNK4217: symbol '___glewGetUniformLocation' defined in 'glew32s.lib(glew.obj)' is imported by 'imgui_impl_opengl3.obj' in function '"bool __cdecl ImGui_ImplOpenGL3_CreateDeviceObjects(void)" (?ImGui_ImplOpenGL3_CreateDeviceObjects@@YA_NXZ)'
LINK : warning LNK4217: symbol '___glewLinkProgram' defined in 'glew32s.lib(glew.obj)' is imported by 'imgui_impl_opengl3.obj' in function '"bool __cdecl ImGui_ImplOpenGL3_CreateDeviceObjects(void)" (?ImGui_ImplOpenGL3_CreateDeviceObjects@@YA_NXZ)'
LINK : warning LNK4217: symbol '___glewShaderSource' defined in 'glew32s.lib(glew.obj)' is imported by 'imgui_impl_opengl3.obj' in function '"bool __cdecl ImGui_ImplOpenGL3_CreateDeviceObjects(void)" (?ImGui_ImplOpenGL3_CreateDeviceObjects@@YA_NXZ)'
LINK : warning LNK4217: symbol '___glewUniform1i' defined in 'glew32s.lib(glew.obj)' is imported by 'imgui_impl_opengl3.obj' in function '"void __cdecl ImGui_ImplOpenGL3_SetupRenderState(struct ImDrawData *,int,int,unsigned int)" (?ImGui_ImplOpenGL3_SetupRenderState@@YAXPAUImDrawData@@HHI@Z)'
LINK : warning LNK4217: symbol '___glewUniformMatrix4fv' defined in 'glew32s.lib(glew.obj)' is imported by 'imgui_impl_opengl3.obj' in function '"void __cdecl ImGui_ImplOpenGL3_SetupRenderState(struct ImDrawData *,int,int,unsigned int)" (?ImGui_ImplOpenGL3_SetupRenderState@@YAXPAUImDrawData@@HHI@Z)'
LINK : warning LNK4217: symbol '___glewUseProgram' defined in 'glew32s.lib(glew.obj)' is imported by 'imgui_impl_opengl3.obj' in function '"void __cdecl ImGui_ImplOpenGL3_RenderDrawData(struct ImDrawData *)" (?ImGui_ImplOpenGL3_RenderDrawData@@YAXPAUImDrawData@@@Z)'
LINK : warning LNK4217: symbol '___glewVertexAttribPointer' defined in 'glew32s.lib(glew.obj)' is imported by 'imgui_impl_opengl3.obj' in function '"void __cdecl ImGui_ImplOpenGL3_SetupRenderState(struct ImDrawData *,int,int,unsigned int)" (?ImGui_ImplOpenGL3_SetupRenderState@@YAXPAUImDrawData@@HHI@Z)'
LINK : warning LNK4217: symbol '___glewDrawElementsBaseVertex' defined in 'glew32s.lib(glew.obj)' is imported by 'imgui_impl_opengl3.obj' in function '"void __cdecl ImGui_ImplOpenGL3_RenderDrawData(struct ImDrawData *)" (?ImGui_ImplOpenGL3_RenderDrawData@@YAXPAUImDrawData@@@Z)'
LINK : warning LNK4217: symbol '___glewBindSampler' defined in 'glew32s.lib(glew.obj)' is imported by 'imgui_impl_opengl3.obj' in function '"void __cdecl ImGui_ImplOpenGL3_RenderDrawData(struct ImDrawData *)" (?ImGui_ImplOpenGL3_RenderDrawData@@YAXPAUImDrawData@@@Z)'
LINK : warning LNK4217: symbol '___glewBindVertexArray' defined in 'glew32s.lib(glew.obj)' is imported by 'imgui_impl_opengl3.obj' in function '"bool __cdecl ImGui_ImplOpenGL3_CreateDeviceObjects(void)" (?ImGui_ImplOpenGL3_CreateDeviceObjects@@YA_NXZ)'
LINK : warning LNK4217: symbol '___glewDeleteVertexArrays' defined in 'glew32s.lib(glew.obj)' is imported by 'imgui_impl_opengl3.obj' in function '"void __cdecl ImGui_ImplOpenGL3_RenderDrawData(struct ImDrawData *)" (?ImGui_ImplOpenGL3_RenderDrawData@@YAXPAUImDrawData@@@Z)'
LINK : warning LNK4217: symbol '___glewGenVertexArrays' defined in 'glew32s.lib(glew.obj)' is imported by 'imgui_impl_opengl3.obj' in function '"void __cdecl ImGui_ImplOpenGL3_RenderDrawData(struct ImDrawData *)" (?ImGui_ImplOpenGL3_RenderDrawData@@YAXPAUImDrawData@@@Z)'
glew32s.lib(glew.obj) : warning LNK4099: PDB 'vc120.pdb' was not found with 'glew32s.lib(glew.obj)' or at 'C:\Users\Juan S. Marquerie\Documents\Advanced-Computer-Graphics-2021\Practice 1 - Copy\ACG-Framework-master\vc120.pdb'; linking object as if no debug info
  visualstudio.vcxproj -> C:\Users\Juan S. Marquerie\Documents\Advanced-Computer-Graphics-2021\Practice 1 - Copy\ACG-Framework-master\framework_debug.exe
